This file contains any messages produced by compilers while
running configure, to aid debugging if configure makes a mistake.

It was created by mtcp configure 3, which was
generated by GNU Autoconf 2.69.  Invocation command line was

  $ ./configure --with-dpdk-lib=/root/mtcp-source/dpdk/x86_64-native-linuxapp-gcc CFLAGS=-DMAX_CPUS=18

## --------- ##
## Platform. ##
## --------- ##

hostname = wolfpass.jf.intel.com
uname -m = x86_64
uname -r = 5.2.7
uname -s = Linux
uname -v = #1 SMP Tue Aug 13 19:57:11 EDT 2019

/usr/bin/uname -p = x86_64
/bin/uname -X     = unknown

/bin/arch              = x86_64
/usr/bin/arch -k       = unknown
/usr/convex/getsysinfo = unknown
/usr/bin/hostinfo      = unknown
/bin/machine           = unknown
/usr/bin/oslevel       = unknown
/bin/universe          = unknown

PATH: /usr/local/sbin
PATH: /usr/local/bin
PATH: /usr/sbin
PATH: /usr/bin
PATH: /root/bin


## ----------- ##
## Core tests. ##
## ----------- ##

configure:2412: checking for gcc
configure:2428: found /usr/local/bin/gcc
configure:2439: result: gcc
configure:2668: checking for C compiler version
configure:2677: gcc --version >&5
gcc (GCC) 8.3.0
Copyright (C) 2018 Free Software Foundation, Inc.
This is free software; see the source for copying conditions.  There is NO
warranty; not even for MERCHANTABILITY or FITNESS FOR A PARTICULAR PURPOSE.

configure:2688: $? = 0
configure:2677: gcc -v >&5
Using built-in specs.
COLLECT_GCC=gcc
COLLECT_LTO_WRAPPER=/usr/local/libexec/gcc/x86_64-pc-linux-gnu/8.3.0/lto-wrapper
Target: x86_64-pc-linux-gnu
Configured with: ../gcc-8.3.0/configure --enable-languages=c,c++ --disable-multilib
Thread model: posix
gcc version 8.3.0 (GCC) 
configure:2688: $? = 0
configure:2677: gcc -V >&5
gcc: error: unrecognized command line option '-V'
gcc: fatal error: no input files
compilation terminated.
configure:2688: $? = 1
configure:2677: gcc -qversion >&5
gcc: error: unrecognized command line option '-qversion'; did you mean '--version'?
gcc: fatal error: no input files
compilation terminated.
configure:2688: $? = 1
configure:2708: checking whether the C compiler works
configure:2730: gcc -DMAX_CPUS=18   conftest.c  >&5
configure:2734: $? = 0
configure:2782: result: yes
configure:2785: checking for C compiler default output file name
configure:2787: result: a.out
configure:2793: checking for suffix of executables
configure:2800: gcc -o conftest -DMAX_CPUS=18   conftest.c  >&5
configure:2804: $? = 0
configure:2826: result: 
configure:2848: checking whether we are cross compiling
configure:2856: gcc -o conftest -DMAX_CPUS=18   conftest.c  >&5
configure:2860: $? = 0
configure:2867: ./conftest
configure:2871: $? = 0
configure:2859: result: no
configure:2864: checking for suffix of object files
configure:2886: gcc -c -DMAX_CPUS=18  conftest.c >&5
configure:2890: $? = 0
configure:2911: result: o
configure:2915: checking whether we are using the GNU C compiler
configure:2934: gcc -c -DMAX_CPUS=18  conftest.c >&5
configure:2934: $? = 0
configure:2943: result: yes
configure:2952: checking whether gcc accepts -g
configure:2972: gcc -c -g  conftest.c >&5
configure:2972: $? = 0
configure:3013: result: yes
configure:3030: checking for gcc option to accept ISO C89
configure:3093: gcc  -c -DMAX_CPUS=18  conftest.c >&5
configure:3093: $? = 0
configure:3106: result: none needed
configure:3163: checking whether gcc understands -c and -o together
configure:3185: gcc -c conftest.c -o conftest2.o
configure:3188: $? = 0
configure:3185: gcc -c conftest.c -o conftest2.o
configure:3188: $? = 0
configure:3200: result: yes
configure:3260: checking for ranlib
configure:3276: found /usr/bin/ranlib
configure:3287: result: ranlib
configure:3319: checking for bc
configure:3335: found /usr/bin/bc
configure:3346: result: yes
configure:3365: checking how to run the C preprocessor
configure:3396: gcc -E  conftest.c
configure:3396: $? = 0
configure:3410: gcc -E  conftest.c
conftest.c:9:10: fatal error: ac_nonexistent.h: No such file or directory
 #include <ac_nonexistent.h>
          ^~~~~~~~~~~~~~~~~~
compilation terminated.
configure:3410: $? = 1
configure: failed program was:
| /* confdefs.h */
| #define PACKAGE_NAME "mtcp"
| #define PACKAGE_TARNAME "mtcp"
| #define PACKAGE_VERSION "3"
| #define PACKAGE_STRING "mtcp 3"
| #define PACKAGE_BUGREPORT "mtcp-user@list.ndsl.kaist.edu"
| #define PACKAGE_URL ""
| /* end confdefs.h.  */
| #include <ac_nonexistent.h>
configure:3435: result: gcc -E
configure:3455: gcc -E  conftest.c
configure:3455: $? = 0
configure:3469: gcc -E  conftest.c
conftest.c:9:10: fatal error: ac_nonexistent.h: No such file or directory
 #include <ac_nonexistent.h>
          ^~~~~~~~~~~~~~~~~~
compilation terminated.
configure:3469: $? = 1
configure: failed program was:
| /* confdefs.h */
| #define PACKAGE_NAME "mtcp"
| #define PACKAGE_TARNAME "mtcp"
| #define PACKAGE_VERSION "3"
| #define PACKAGE_STRING "mtcp 3"
| #define PACKAGE_BUGREPORT "mtcp-user@list.ndsl.kaist.edu"
| #define PACKAGE_URL ""
| /* end confdefs.h.  */
| #include <ac_nonexistent.h>
configure:3498: checking for grep that handles long lines and -e
configure:3556: result: /usr/bin/grep
configure:3561: checking for egrep
configure:3623: result: /usr/bin/grep -E
configure:3628: checking for ANSI C header files
configure:3648: gcc -c -DMAX_CPUS=18  conftest.c >&5
configure:3648: $? = 0
configure:3721: gcc -o conftest -DMAX_CPUS=18   conftest.c  >&5
configure:3721: $? = 0
configure:3721: ./conftest
configure:3721: $? = 0
configure:3732: result: yes
configure:3745: checking for sys/types.h
configure:3745: gcc -c -DMAX_CPUS=18  conftest.c >&5
configure:3745: $? = 0
configure:3745: result: yes
configure:3745: checking for sys/stat.h
configure:3745: gcc -c -DMAX_CPUS=18  conftest.c >&5
configure:3745: $? = 0
configure:3745: result: yes
configure:3745: checking for stdlib.h
configure:3745: gcc -c -DMAX_CPUS=18  conftest.c >&5
configure:3745: $? = 0
configure:3745: result: yes
configure:3745: checking for string.h
configure:3745: gcc -c -DMAX_CPUS=18  conftest.c >&5
configure:3745: $? = 0
configure:3745: result: yes
configure:3745: checking for memory.h
configure:3745: gcc -c -DMAX_CPUS=18  conftest.c >&5
configure:3745: $? = 0
configure:3745: result: yes
configure:3745: checking for strings.h
configure:3745: gcc -c -DMAX_CPUS=18  conftest.c >&5
configure:3745: $? = 0
configure:3745: result: yes
configure:3745: checking for inttypes.h
configure:3745: gcc -c -DMAX_CPUS=18  conftest.c >&5
configure:3745: $? = 0
configure:3745: result: yes
configure:3745: checking for stdint.h
configure:3745: gcc -c -DMAX_CPUS=18  conftest.c >&5
configure:3745: $? = 0
configure:3745: result: yes
configure:3745: checking for unistd.h
configure:3745: gcc -c -DMAX_CPUS=18  conftest.c >&5
configure:3745: $? = 0
configure:3745: result: yes
configure:3757: checking linux/sched.h usability
configure:3757: gcc -c -DMAX_CPUS=18  conftest.c >&5
configure:3757: $? = 0
configure:3757: result: yes
configure:3757: checking linux/sched.h presence
configure:3757: gcc -E  conftest.c
configure:3757: $? = 0
configure:3757: result: yes
configure:3757: checking for linux/sched.h
configure:3757: result: yes
configure:3765: checking pthread.h usability
configure:3765: gcc -c -DMAX_CPUS=18  conftest.c >&5
configure:3765: $? = 0
configure:3765: result: yes
configure:3765: checking pthread.h presence
configure:3765: gcc -E  conftest.c
configure:3765: $? = 0
configure:3765: result: yes
configure:3765: checking for pthread.h
configure:3765: result: yes
configure:3773: checking numa.h usability
configure:3773: gcc -c -DMAX_CPUS=18  conftest.c >&5
configure:3773: $? = 0
configure:3773: result: yes
configure:3773: checking numa.h presence
configure:3773: gcc -E  conftest.c
configure:3773: $? = 0
configure:3773: result: yes
configure:3773: checking for numa.h
configure:3773: result: yes
configure:3781: checking arpa/inet.h usability
configure:3781: gcc -c -DMAX_CPUS=18  conftest.c >&5
configure:3781: $? = 0
configure:3781: result: yes
configure:3781: checking arpa/inet.h presence
configure:3781: gcc -E  conftest.c
configure:3781: $? = 0
configure:3781: result: yes
configure:3781: checking for arpa/inet.h
configure:3781: result: yes
configure:3789: checking fcntl.h usability
configure:3789: gcc -c -DMAX_CPUS=18  conftest.c >&5
configure:3789: $? = 0
configure:3789: result: yes
configure:3789: checking fcntl.h presence
configure:3789: gcc -E  conftest.c
configure:3789: $? = 0
configure:3789: result: yes
configure:3789: checking for fcntl.h
configure:3789: result: yes
configure:3797: checking limits.h usability
configure:3797: gcc -c -DMAX_CPUS=18  conftest.c >&5
configure:3797: $? = 0
configure:3797: result: yes
configure:3797: checking limits.h presence
configure:3797: gcc -E  conftest.c
configure:3797: $? = 0
configure:3797: result: yes
configure:3797: checking for limits.h
configure:3797: result: yes
configure:3805: checking netdb.h usability
configure:3805: gcc -c -DMAX_CPUS=18  conftest.c >&5
configure:3805: $? = 0
configure:3805: result: yes
configure:3805: checking netdb.h presence
configure:3805: gcc -E  conftest.c
configure:3805: $? = 0
configure:3805: result: yes
configure:3805: checking for netdb.h
configure:3805: result: yes
configure:3813: checking netinet/in.h usability
configure:3813: gcc -c -DMAX_CPUS=18  conftest.c >&5
configure:3813: $? = 0
configure:3813: result: yes
configure:3813: checking netinet/in.h presence
configure:3813: gcc -E  conftest.c
configure:3813: $? = 0
configure:3813: result: yes
configure:3813: checking for netinet/in.h
configure:3813: result: yes
configure:3821: checking for stdint.h
configure:3821: result: yes
configure:3829: checking for stdlib.h
configure:3829: result: yes
configure:3837: checking for string.h
configure:3837: result: yes
configure:3845: checking sys/ioctl.h usability
configure:3845: gcc -c -DMAX_CPUS=18  conftest.c >&5
configure:3845: $? = 0
configure:3845: result: yes
configure:3845: checking sys/ioctl.h presence
configure:3845: gcc -E  conftest.c
configure:3845: $? = 0
configure:3845: result: yes
configure:3845: checking for sys/ioctl.h
configure:3845: result: yes
configure:3853: checking sys/socket.h usability
configure:3853: gcc -c -DMAX_CPUS=18  conftest.c >&5
configure:3853: $? = 0
configure:3853: result: yes
configure:3853: checking sys/socket.h presence
configure:3853: gcc -E  conftest.c
configure:3853: $? = 0
configure:3853: result: yes
configure:3853: checking for sys/socket.h
configure:3853: result: yes
configure:3861: checking sys/time.h usability
configure:3861: gcc -c -DMAX_CPUS=18  conftest.c >&5
configure:3861: $? = 0
configure:3861: result: yes
configure:3861: checking sys/time.h presence
configure:3861: gcc -E  conftest.c
configure:3861: $? = 0
configure:3861: result: yes
configure:3861: checking for sys/time.h
configure:3861: result: yes
configure:3869: checking for unistd.h
configure:3869: result: yes
configure:3877: checking gmp.h usability
configure:3877: gcc -c -DMAX_CPUS=18  conftest.c >&5
configure:3877: $? = 0
configure:3877: result: yes
configure:3877: checking gmp.h presence
configure:3877: gcc -E  conftest.c
configure:3877: $? = 0
configure:3877: result: yes
configure:3877: checking for gmp.h
configure:3877: result: yes
configure:3895: checking for inline
configure:3911: gcc -c -DMAX_CPUS=18  conftest.c >&5
configure:3911: $? = 0
configure:3919: result: inline
configure:3937: checking for int16_t
configure:3937: gcc -c -DMAX_CPUS=18  conftest.c >&5
configure:3937: $? = 0
configure:3937: gcc -c -DMAX_CPUS=18  conftest.c >&5
conftest.c: In function 'main':
conftest.c:56:12: error: size of array 'test_array' is negative
 static int test_array [1 - 2 * !((int16_t) (((((int16_t) 1 << N) << N) - 1) * 2 + 1)
            ^~~~~~~~~~
configure:3937: $? = 1
configure: failed program was:
| /* confdefs.h */
| #define PACKAGE_NAME "mtcp"
| #define PACKAGE_TARNAME "mtcp"
| #define PACKAGE_VERSION "3"
| #define PACKAGE_STRING "mtcp 3"
| #define PACKAGE_BUGREPORT "mtcp-user@list.ndsl.kaist.edu"
| #define PACKAGE_URL ""
| #define STDC_HEADERS 1
| #define HAVE_SYS_TYPES_H 1
| #define HAVE_SYS_STAT_H 1
| #define HAVE_STDLIB_H 1
| #define HAVE_STRING_H 1
| #define HAVE_MEMORY_H 1
| #define HAVE_STRINGS_H 1
| #define HAVE_INTTYPES_H 1
| #define HAVE_STDINT_H 1
| #define HAVE_UNISTD_H 1
| /* end confdefs.h.  */
| #include <stdio.h>
| #ifdef HAVE_SYS_TYPES_H
| # include <sys/types.h>
| #endif
| #ifdef HAVE_SYS_STAT_H
| # include <sys/stat.h>
| #endif
| #ifdef STDC_HEADERS
| # include <stdlib.h>
| # include <stddef.h>
| #else
| # ifdef HAVE_STDLIB_H
| #  include <stdlib.h>
| # endif
| #endif
| #ifdef HAVE_STRING_H
| # if !defined STDC_HEADERS && defined HAVE_MEMORY_H
| #  include <memory.h>
| # endif
| # include <string.h>
| #endif
| #ifdef HAVE_STRINGS_H
| # include <strings.h>
| #endif
| #ifdef HAVE_INTTYPES_H
| # include <inttypes.h>
| #endif
| #ifdef HAVE_STDINT_H
| # include <stdint.h>
| #endif
| #ifdef HAVE_UNISTD_H
| # include <unistd.h>
| #endif
| 	        enum { N = 16 / 2 - 1 };
| int
| main ()
| {
| static int test_array [1 - 2 * !((int16_t) (((((int16_t) 1 << N) << N) - 1) * 2 + 1)
| 		 < (int16_t) (((((int16_t) 1 << N) << N) - 1) * 2 + 2))];
| test_array [0] = 0;
| return test_array [0];
| 
|   ;
|   return 0;
| }
configure:3937: result: yes
configure:3948: checking for int32_t
configure:3948: gcc -c -DMAX_CPUS=18  conftest.c >&5
configure:3948: $? = 0
configure:3948: gcc -c -DMAX_CPUS=18  conftest.c >&5
conftest.c: In function 'main':
conftest.c:57:53: warning: integer overflow in expression of type 'int' results in '-2147483648' [-Woverflow]
    < (int32_t) (((((int32_t) 1 << N) << N) - 1) * 2 + 2))];
                                                     ^
conftest.c:56:12: error: storage size of 'test_array' isn't constant
 static int test_array [1 - 2 * !((int32_t) (((((int32_t) 1 << N) << N) - 1) * 2 + 1)
            ^~~~~~~~~~
configure:3948: $? = 1
configure: failed program was:
| /* confdefs.h */
| #define PACKAGE_NAME "mtcp"
| #define PACKAGE_TARNAME "mtcp"
| #define PACKAGE_VERSION "3"
| #define PACKAGE_STRING "mtcp 3"
| #define PACKAGE_BUGREPORT "mtcp-user@list.ndsl.kaist.edu"
| #define PACKAGE_URL ""
| #define STDC_HEADERS 1
| #define HAVE_SYS_TYPES_H 1
| #define HAVE_SYS_STAT_H 1
| #define HAVE_STDLIB_H 1
| #define HAVE_STRING_H 1
| #define HAVE_MEMORY_H 1
| #define HAVE_STRINGS_H 1
| #define HAVE_INTTYPES_H 1
| #define HAVE_STDINT_H 1
| #define HAVE_UNISTD_H 1
| /* end confdefs.h.  */
| #include <stdio.h>
| #ifdef HAVE_SYS_TYPES_H
| # include <sys/types.h>
| #endif
| #ifdef HAVE_SYS_STAT_H
| # include <sys/stat.h>
| #endif
| #ifdef STDC_HEADERS
| # include <stdlib.h>
| # include <stddef.h>
| #else
| # ifdef HAVE_STDLIB_H
| #  include <stdlib.h>
| # endif
| #endif
| #ifdef HAVE_STRING_H
| # if !defined STDC_HEADERS && defined HAVE_MEMORY_H
| #  include <memory.h>
| # endif
| # include <string.h>
| #endif
| #ifdef HAVE_STRINGS_H
| # include <strings.h>
| #endif
| #ifdef HAVE_INTTYPES_H
| # include <inttypes.h>
| #endif
| #ifdef HAVE_STDINT_H
| # include <stdint.h>
| #endif
| #ifdef HAVE_UNISTD_H
| # include <unistd.h>
| #endif
| 	        enum { N = 32 / 2 - 1 };
| int
| main ()
| {
| static int test_array [1 - 2 * !((int32_t) (((((int32_t) 1 << N) << N) - 1) * 2 + 1)
| 		 < (int32_t) (((((int32_t) 1 << N) << N) - 1) * 2 + 2))];
| test_array [0] = 0;
| return test_array [0];
| 
|   ;
|   return 0;
| }
configure:3948: result: yes
configure:3959: checking for int64_t
configure:3959: gcc -c -DMAX_CPUS=18  conftest.c >&5
configure:3959: $? = 0
configure:3959: gcc -c -DMAX_CPUS=18  conftest.c >&5
conftest.c: In function 'main':
conftest.c:57:53: warning: integer overflow in expression of type 'long int' results in '-9223372036854775808' [-Woverflow]
    < (int64_t) (((((int64_t) 1 << N) << N) - 1) * 2 + 2))];
                                                     ^
conftest.c:56:12: error: storage size of 'test_array' isn't constant
 static int test_array [1 - 2 * !((int64_t) (((((int64_t) 1 << N) << N) - 1) * 2 + 1)
            ^~~~~~~~~~
configure:3959: $? = 1
configure: failed program was:
| /* confdefs.h */
| #define PACKAGE_NAME "mtcp"
| #define PACKAGE_TARNAME "mtcp"
| #define PACKAGE_VERSION "3"
| #define PACKAGE_STRING "mtcp 3"
| #define PACKAGE_BUGREPORT "mtcp-user@list.ndsl.kaist.edu"
| #define PACKAGE_URL ""
| #define STDC_HEADERS 1
| #define HAVE_SYS_TYPES_H 1
| #define HAVE_SYS_STAT_H 1
| #define HAVE_STDLIB_H 1
| #define HAVE_STRING_H 1
| #define HAVE_MEMORY_H 1
| #define HAVE_STRINGS_H 1
| #define HAVE_INTTYPES_H 1
| #define HAVE_STDINT_H 1
| #define HAVE_UNISTD_H 1
| /* end confdefs.h.  */
| #include <stdio.h>
| #ifdef HAVE_SYS_TYPES_H
| # include <sys/types.h>
| #endif
| #ifdef HAVE_SYS_STAT_H
| # include <sys/stat.h>
| #endif
| #ifdef STDC_HEADERS
| # include <stdlib.h>
| # include <stddef.h>
| #else
| # ifdef HAVE_STDLIB_H
| #  include <stdlib.h>
| # endif
| #endif
| #ifdef HAVE_STRING_H
| # if !defined STDC_HEADERS && defined HAVE_MEMORY_H
| #  include <memory.h>
| # endif
| # include <string.h>
| #endif
| #ifdef HAVE_STRINGS_H
| # include <strings.h>
| #endif
| #ifdef HAVE_INTTYPES_H
| # include <inttypes.h>
| #endif
| #ifdef HAVE_STDINT_H
| # include <stdint.h>
| #endif
| #ifdef HAVE_UNISTD_H
| # include <unistd.h>
| #endif
| 	        enum { N = 64 / 2 - 1 };
| int
| main ()
| {
| static int test_array [1 - 2 * !((int64_t) (((((int64_t) 1 << N) << N) - 1) * 2 + 1)
| 		 < (int64_t) (((((int64_t) 1 << N) << N) - 1) * 2 + 2))];
| test_array [0] = 0;
| return test_array [0];
| 
|   ;
|   return 0;
| }
configure:3959: result: yes
configure:3970: checking for int8_t
configure:3970: gcc -c -DMAX_CPUS=18  conftest.c >&5
configure:3970: $? = 0
configure:3970: gcc -c -DMAX_CPUS=18  conftest.c >&5
conftest.c: In function 'main':
conftest.c:56:12: error: size of array 'test_array' is negative
 static int test_array [1 - 2 * !((int8_t) (((((int8_t) 1 << N) << N) - 1) * 2 + 1)
            ^~~~~~~~~~
configure:3970: $? = 1
configure: failed program was:
| /* confdefs.h */
| #define PACKAGE_NAME "mtcp"
| #define PACKAGE_TARNAME "mtcp"
| #define PACKAGE_VERSION "3"
| #define PACKAGE_STRING "mtcp 3"
| #define PACKAGE_BUGREPORT "mtcp-user@list.ndsl.kaist.edu"
| #define PACKAGE_URL ""
| #define STDC_HEADERS 1
| #define HAVE_SYS_TYPES_H 1
| #define HAVE_SYS_STAT_H 1
| #define HAVE_STDLIB_H 1
| #define HAVE_STRING_H 1
| #define HAVE_MEMORY_H 1
| #define HAVE_STRINGS_H 1
| #define HAVE_INTTYPES_H 1
| #define HAVE_STDINT_H 1
| #define HAVE_UNISTD_H 1
| /* end confdefs.h.  */
| #include <stdio.h>
| #ifdef HAVE_SYS_TYPES_H
| # include <sys/types.h>
| #endif
| #ifdef HAVE_SYS_STAT_H
| # include <sys/stat.h>
| #endif
| #ifdef STDC_HEADERS
| # include <stdlib.h>
| # include <stddef.h>
| #else
| # ifdef HAVE_STDLIB_H
| #  include <stdlib.h>
| # endif
| #endif
| #ifdef HAVE_STRING_H
| # if !defined STDC_HEADERS && defined HAVE_MEMORY_H
| #  include <memory.h>
| # endif
| # include <string.h>
| #endif
| #ifdef HAVE_STRINGS_H
| # include <strings.h>
| #endif
| #ifdef HAVE_INTTYPES_H
| # include <inttypes.h>
| #endif
| #ifdef HAVE_STDINT_H
| # include <stdint.h>
| #endif
| #ifdef HAVE_UNISTD_H
| # include <unistd.h>
| #endif
| 	        enum { N = 8 / 2 - 1 };
| int
| main ()
| {
| static int test_array [1 - 2 * !((int8_t) (((((int8_t) 1 << N) << N) - 1) * 2 + 1)
| 		 < (int8_t) (((((int8_t) 1 << N) << N) - 1) * 2 + 2))];
| test_array [0] = 0;
| return test_array [0];
| 
|   ;
|   return 0;
| }
configure:3970: result: yes
configure:3981: checking for pid_t
configure:3981: gcc -c -DMAX_CPUS=18  conftest.c >&5
configure:3981: $? = 0
configure:3981: gcc -c -DMAX_CPUS=18  conftest.c >&5
conftest.c: In function 'main':
conftest.c:55:20: error: expected expression before ')' token
 if (sizeof ((pid_t)))
                    ^
configure:3981: $? = 1
configure: failed program was:
| /* confdefs.h */
| #define PACKAGE_NAME "mtcp"
| #define PACKAGE_TARNAME "mtcp"
| #define PACKAGE_VERSION "3"
| #define PACKAGE_STRING "mtcp 3"
| #define PACKAGE_BUGREPORT "mtcp-user@list.ndsl.kaist.edu"
| #define PACKAGE_URL ""
| #define STDC_HEADERS 1
| #define HAVE_SYS_TYPES_H 1
| #define HAVE_SYS_STAT_H 1
| #define HAVE_STDLIB_H 1
| #define HAVE_STRING_H 1
| #define HAVE_MEMORY_H 1
| #define HAVE_STRINGS_H 1
| #define HAVE_INTTYPES_H 1
| #define HAVE_STDINT_H 1
| #define HAVE_UNISTD_H 1
| /* end confdefs.h.  */
| #include <stdio.h>
| #ifdef HAVE_SYS_TYPES_H
| # include <sys/types.h>
| #endif
| #ifdef HAVE_SYS_STAT_H
| # include <sys/stat.h>
| #endif
| #ifdef STDC_HEADERS
| # include <stdlib.h>
| # include <stddef.h>
| #else
| # ifdef HAVE_STDLIB_H
| #  include <stdlib.h>
| # endif
| #endif
| #ifdef HAVE_STRING_H
| # if !defined STDC_HEADERS && defined HAVE_MEMORY_H
| #  include <memory.h>
| # endif
| # include <string.h>
| #endif
| #ifdef HAVE_STRINGS_H
| # include <strings.h>
| #endif
| #ifdef HAVE_INTTYPES_H
| # include <inttypes.h>
| #endif
| #ifdef HAVE_STDINT_H
| # include <stdint.h>
| #endif
| #ifdef HAVE_UNISTD_H
| # include <unistd.h>
| #endif
| int
| main ()
| {
| if (sizeof ((pid_t)))
| 	    return 0;
|   ;
|   return 0;
| }
configure:3981: result: yes
configure:3992: checking for size_t
configure:3992: gcc -c -DMAX_CPUS=18  conftest.c >&5
configure:3992: $? = 0
configure:3992: gcc -c -DMAX_CPUS=18  conftest.c >&5
conftest.c: In function 'main':
conftest.c:55:21: error: expected expression before ')' token
 if (sizeof ((size_t)))
                     ^
configure:3992: $? = 1
configure: failed program was:
| /* confdefs.h */
| #define PACKAGE_NAME "mtcp"
| #define PACKAGE_TARNAME "mtcp"
| #define PACKAGE_VERSION "3"
| #define PACKAGE_STRING "mtcp 3"
| #define PACKAGE_BUGREPORT "mtcp-user@list.ndsl.kaist.edu"
| #define PACKAGE_URL ""
| #define STDC_HEADERS 1
| #define HAVE_SYS_TYPES_H 1
| #define HAVE_SYS_STAT_H 1
| #define HAVE_STDLIB_H 1
| #define HAVE_STRING_H 1
| #define HAVE_MEMORY_H 1
| #define HAVE_STRINGS_H 1
| #define HAVE_INTTYPES_H 1
| #define HAVE_STDINT_H 1
| #define HAVE_UNISTD_H 1
| /* end confdefs.h.  */
| #include <stdio.h>
| #ifdef HAVE_SYS_TYPES_H
| # include <sys/types.h>
| #endif
| #ifdef HAVE_SYS_STAT_H
| # include <sys/stat.h>
| #endif
| #ifdef STDC_HEADERS
| # include <stdlib.h>
| # include <stddef.h>
| #else
| # ifdef HAVE_STDLIB_H
| #  include <stdlib.h>
| # endif
| #endif
| #ifdef HAVE_STRING_H
| # if !defined STDC_HEADERS && defined HAVE_MEMORY_H
| #  include <memory.h>
| # endif
| # include <string.h>
| #endif
| #ifdef HAVE_STRINGS_H
| # include <strings.h>
| #endif
| #ifdef HAVE_INTTYPES_H
| # include <inttypes.h>
| #endif
| #ifdef HAVE_STDINT_H
| # include <stdint.h>
| #endif
| #ifdef HAVE_UNISTD_H
| # include <unistd.h>
| #endif
| int
| main ()
| {
| if (sizeof ((size_t)))
| 	    return 0;
|   ;
|   return 0;
| }
configure:3992: result: yes
configure:4003: checking for ssize_t
configure:4003: gcc -c -DMAX_CPUS=18  conftest.c >&5
configure:4003: $? = 0
configure:4003: gcc -c -DMAX_CPUS=18  conftest.c >&5
conftest.c: In function 'main':
conftest.c:55:22: error: expected expression before ')' token
 if (sizeof ((ssize_t)))
                      ^
configure:4003: $? = 1
configure: failed program was:
| /* confdefs.h */
| #define PACKAGE_NAME "mtcp"
| #define PACKAGE_TARNAME "mtcp"
| #define PACKAGE_VERSION "3"
| #define PACKAGE_STRING "mtcp 3"
| #define PACKAGE_BUGREPORT "mtcp-user@list.ndsl.kaist.edu"
| #define PACKAGE_URL ""
| #define STDC_HEADERS 1
| #define HAVE_SYS_TYPES_H 1
| #define HAVE_SYS_STAT_H 1
| #define HAVE_STDLIB_H 1
| #define HAVE_STRING_H 1
| #define HAVE_MEMORY_H 1
| #define HAVE_STRINGS_H 1
| #define HAVE_INTTYPES_H 1
| #define HAVE_STDINT_H 1
| #define HAVE_UNISTD_H 1
| /* end confdefs.h.  */
| #include <stdio.h>
| #ifdef HAVE_SYS_TYPES_H
| # include <sys/types.h>
| #endif
| #ifdef HAVE_SYS_STAT_H
| # include <sys/stat.h>
| #endif
| #ifdef STDC_HEADERS
| # include <stdlib.h>
| # include <stddef.h>
| #else
| # ifdef HAVE_STDLIB_H
| #  include <stdlib.h>
| # endif
| #endif
| #ifdef HAVE_STRING_H
| # if !defined STDC_HEADERS && defined HAVE_MEMORY_H
| #  include <memory.h>
| # endif
| # include <string.h>
| #endif
| #ifdef HAVE_STRINGS_H
| # include <strings.h>
| #endif
| #ifdef HAVE_INTTYPES_H
| # include <inttypes.h>
| #endif
| #ifdef HAVE_STDINT_H
| # include <stdint.h>
| #endif
| #ifdef HAVE_UNISTD_H
| # include <unistd.h>
| #endif
| int
| main ()
| {
| if (sizeof ((ssize_t)))
| 	    return 0;
|   ;
|   return 0;
| }
configure:4003: result: yes
configure:4014: checking for uint16_t
configure:4014: gcc -c -DMAX_CPUS=18  conftest.c >&5
configure:4014: $? = 0
configure:4014: result: yes
configure:4026: checking for uint32_t
configure:4026: gcc -c -DMAX_CPUS=18  conftest.c >&5
configure:4026: $? = 0
configure:4026: result: yes
configure:4040: checking for uint64_t
configure:4040: gcc -c -DMAX_CPUS=18  conftest.c >&5
configure:4040: $? = 0
configure:4040: result: yes
configure:4054: checking for uint8_t
configure:4054: gcc -c -DMAX_CPUS=18  conftest.c >&5
configure:4054: $? = 0
configure:4054: result: yes
configure:4072: checking for stdlib.h
configure:4072: result: yes
configure:4082: checking for GNU libc compatible malloc
configure:4106: gcc -o conftest -DMAX_CPUS=18   conftest.c  >&5
configure:4106: $? = 0
configure:4106: ./conftest
configure:4106: $? = 0
configure:4116: result: yes
configure:4143: checking for stdlib.h
configure:4143: result: yes
configure:4143: checking for unistd.h
configure:4143: result: yes
configure:4143: checking for sys/param.h
configure:4143: gcc -c -DMAX_CPUS=18  conftest.c >&5
configure:4143: $? = 0
configure:4143: result: yes
configure:4163: checking for getpagesize
configure:4163: gcc -o conftest -DMAX_CPUS=18   conftest.c  >&5
configure:4163: $? = 0
configure:4163: result: yes
configure:4172: checking for working mmap
configure:4319: gcc -o conftest -DMAX_CPUS=18   conftest.c  >&5
configure:4319: $? = 0
configure:4319: ./conftest
configure:4319: $? = 0
configure:4329: result: yes
configure:4338: checking for clock_gettime
configure:4338: gcc -o conftest -DMAX_CPUS=18   conftest.c  >&5
configure:4338: $? = 0
configure:4338: result: yes
configure:4348: checking for bzero
configure:4348: gcc -o conftest -DMAX_CPUS=18   conftest.c  >&5
conftest.c:49:6: warning: conflicting types for built-in function 'bzero' [-Wbuiltin-declaration-mismatch]
 char bzero ();
      ^~~~~
configure:4348: $? = 0
configure:4348: result: yes
configure:4348: checking for getpagesize
configure:4348: result: yes
configure:4348: checking for gettimeofday
configure:4348: gcc -o conftest -DMAX_CPUS=18   conftest.c  >&5
configure:4348: $? = 0
configure:4348: result: yes
configure:4348: checking for memmove
configure:4348: gcc -o conftest -DMAX_CPUS=18   conftest.c  >&5
conftest.c:52:6: warning: conflicting types for built-in function 'memmove' [-Wbuiltin-declaration-mismatch]
 char memmove ();
      ^~~~~~~
configure:4348: $? = 0
configure:4348: result: yes
configure:4348: checking for memset
configure:4348: gcc -o conftest -DMAX_CPUS=18   conftest.c  >&5
conftest.c:53:6: warning: conflicting types for built-in function 'memset' [-Wbuiltin-declaration-mismatch]
 char memset ();
      ^~~~~~
configure:4348: $? = 0
configure:4348: result: yes
configure:4348: checking for munmap
configure:4348: gcc -o conftest -DMAX_CPUS=18   conftest.c  >&5
configure:4348: $? = 0
configure:4348: result: yes
configure:4348: checking for select
configure:4348: gcc -o conftest -DMAX_CPUS=18   conftest.c  >&5
configure:4348: $? = 0
configure:4348: result: yes
configure:4348: checking for socket
configure:4348: gcc -o conftest -DMAX_CPUS=18   conftest.c  >&5
configure:4348: $? = 0
configure:4348: result: yes
configure:4348: checking for strchr
configure:4348: gcc -o conftest -DMAX_CPUS=18   conftest.c  >&5
conftest.c:57:6: warning: conflicting types for built-in function 'strchr' [-Wbuiltin-declaration-mismatch]
 char strchr ();
      ^~~~~~
configure:4348: $? = 0
configure:4348: result: yes
configure:4348: checking for strerror
configure:4348: gcc -o conftest -DMAX_CPUS=18   conftest.c  >&5
configure:4348: $? = 0
configure:4348: result: yes
configure:4348: checking for strstr
configure:4348: gcc -o conftest -DMAX_CPUS=18   conftest.c  >&5
conftest.c:59:6: warning: conflicting types for built-in function 'strstr' [-Wbuiltin-declaration-mismatch]
 char strstr ();
      ^~~~~~
configure:4348: $? = 0
configure:4348: result: yes
configure:4348: checking for strtol
configure:4348: gcc -o conftest -DMAX_CPUS=18   conftest.c  >&5
configure:4348: $? = 0
configure:4348: result: yes
configure:4511: checking for a BSD-compatible install
configure:4579: result: /usr/bin/install -c
configure:4590: checking whether build environment is sane
configure:4645: result: yes
configure:4791: checking for a thread-safe mkdir -p
configure:4830: result: /usr/bin/mkdir -p
configure:4837: checking for gawk
configure:4853: found /usr/bin/gawk
configure:4864: result: gawk
configure:4875: checking whether make sets $(MAKE)
configure:4897: result: yes
configure:4919: checking whether make supports the include directive
configure:4934: make -f confmf.GNU && cat confinc.out
this is the am__doit target
configure:4937: $? = 0
configure:4956: result: yes (GNU style)
configure:4989: checking whether make supports nested variables
configure:5006: result: yes
configure:5092: checking dependency style of gcc
configure:5203: result: none
configure:5370: checking that generated files are newer than configure
configure:5376: result: done
configure:5399: creating ./config.status

## ---------------------- ##
## Running config.status. ##
## ---------------------- ##

This file was extended by mtcp config.status 3, which was
generated by GNU Autoconf 2.69.  Invocation command line was

  CONFIG_FILES    = 
  CONFIG_HEADERS  = 
  CONFIG_LINKS    = 
  CONFIG_COMMANDS = 
  $ ./config.status 

on wolfpass.jf.intel.com

config.status:883: creating Makefile
config.status:883: creating mtcp/src/Makefile
config.status:883: creating config.h
config.status:1064: config.h is unchanged
config.status:1112: executing depfiles commands
configure:6824: checking that generated files are newer than configure
configure:6830: result: done
configure:6857: creating ./config.status

## ---------------------- ##
## Running config.status. ##
## ---------------------- ##

This file was extended by mtcp config.status 3, which was
generated by GNU Autoconf 2.69.  Invocation command line was

  CONFIG_FILES    = 
  CONFIG_HEADERS  = 
  CONFIG_LINKS    = 
  CONFIG_COMMANDS = 
  $ ./config.status 

on wolfpass.jf.intel.com

config.status:884: creating Makefile
config.status:884: creating mtcp/src/Makefile
config.status:884: creating apps/example/Makefile
config.status:884: creating config.h
config.status:1065: config.h is unchanged
config.status:1113: executing depfiles commands
configure:8283: checking that generated files are newer than configure
configure:8289: result: done
configure:8320: creating ./config.status

## ---------------------- ##
## Running config.status. ##
## ---------------------- ##

This file was extended by mtcp config.status 3, which was
generated by GNU Autoconf 2.69.  Invocation command line was

  CONFIG_FILES    = 
  CONFIG_HEADERS  = 
  CONFIG_LINKS    = 
  CONFIG_COMMANDS = 
  $ ./config.status 

on wolfpass.jf.intel.com

config.status:885: creating Makefile
config.status:885: creating mtcp/src/Makefile
config.status:885: creating apps/example/Makefile
config.status:885: creating util/Makefile
config.status:885: creating config.h
config.status:1066: config.h is unchanged
config.status:1114: executing depfiles commands
configure:9747: checking that generated files are newer than configure
configure:9753: result: done
configure:9788: creating ./config.status

## ---------------------- ##
## Running config.status. ##
## ---------------------- ##

This file was extended by mtcp config.status 3, which was
generated by GNU Autoconf 2.69.  Invocation command line was

  CONFIG_FILES    = 
  CONFIG_HEADERS  = 
  CONFIG_LINKS    = 
  CONFIG_COMMANDS = 
  $ ./config.status 

on wolfpass.jf.intel.com

config.status:886: creating Makefile
config.status:886: creating mtcp/src/Makefile
config.status:886: creating apps/example/Makefile
config.status:886: creating util/Makefile
config.status:886: creating io_engine/lib/Makefile
config.status:886: creating config.h
config.status:1067: config.h is unchanged
config.status:1115: executing depfiles commands

## ---------------- ##
## Cache variables. ##
## ---------------- ##

ac_cv_c_compiler_gnu=yes
ac_cv_c_inline=inline
ac_cv_c_int16_t=yes
ac_cv_c_int32_t=yes
ac_cv_c_int64_t=yes
ac_cv_c_int8_t=yes
ac_cv_c_uint16_t=yes
ac_cv_c_uint32_t=yes
ac_cv_c_uint64_t=yes
ac_cv_c_uint8_t=yes
ac_cv_env_CC_set=
ac_cv_env_CC_value=
ac_cv_env_CFLAGS_set=set
ac_cv_env_CFLAGS_value=-DMAX_CPUS=18
ac_cv_env_CPPFLAGS_set=
ac_cv_env_CPPFLAGS_value=
ac_cv_env_CPP_set=
ac_cv_env_CPP_value=
ac_cv_env_LDFLAGS_set=
ac_cv_env_LDFLAGS_value=
ac_cv_env_LIBS_set=
ac_cv_env_LIBS_value=
ac_cv_env_build_alias_set=
ac_cv_env_build_alias_value=
ac_cv_env_host_alias_set=
ac_cv_env_host_alias_value=
ac_cv_env_target_alias_set=
ac_cv_env_target_alias_value=
ac_cv_func_bzero=yes
ac_cv_func_clock_gettime=yes
ac_cv_func_getpagesize=yes
ac_cv_func_gettimeofday=yes
ac_cv_func_malloc_0_nonnull=yes
ac_cv_func_memmove=yes
ac_cv_func_memset=yes
ac_cv_func_mmap_fixed_mapped=yes
ac_cv_func_munmap=yes
ac_cv_func_select=yes
ac_cv_func_socket=yes
ac_cv_func_strchr=yes
ac_cv_func_strerror=yes
ac_cv_func_strstr=yes
ac_cv_func_strtol=yes
ac_cv_header_arpa_inet_h=yes
ac_cv_header_fcntl_h=yes
ac_cv_header_gmp_h=yes
ac_cv_header_inttypes_h=yes
ac_cv_header_limits_h=yes
ac_cv_header_linux_sched_h=yes
ac_cv_header_memory_h=yes
ac_cv_header_netdb_h=yes
ac_cv_header_netinet_in_h=yes
ac_cv_header_numa_h=yes
ac_cv_header_pthread_h=yes
ac_cv_header_stdc=yes
ac_cv_header_stdint_h=yes
ac_cv_header_stdlib_h=yes
ac_cv_header_string_h=yes
ac_cv_header_strings_h=yes
ac_cv_header_sys_ioctl_h=yes
ac_cv_header_sys_param_h=yes
ac_cv_header_sys_socket_h=yes
ac_cv_header_sys_stat_h=yes
ac_cv_header_sys_time_h=yes
ac_cv_header_sys_types_h=yes
ac_cv_header_unistd_h=yes
ac_cv_objext=o
ac_cv_path_EGREP='/usr/bin/grep -E'
ac_cv_path_GREP=/usr/bin/grep
ac_cv_path_install='/usr/bin/install -c'
ac_cv_path_mkdir=/usr/bin/mkdir
ac_cv_prog_AWK=gawk
ac_cv_prog_BC_CHECK=yes
ac_cv_prog_CPP='gcc -E'
ac_cv_prog_ac_ct_CC=gcc
ac_cv_prog_ac_ct_RANLIB=ranlib
ac_cv_prog_cc_c89=
ac_cv_prog_cc_g=yes
ac_cv_prog_make_make_set=yes
ac_cv_type_pid_t=yes
ac_cv_type_size_t=yes
ac_cv_type_ssize_t=yes
am_cv_CC_dependencies_compiler_type=none
am_cv_make_support_nested_variables=yes
am_cv_prog_cc_c_o=yes

## ----------------- ##
## Output variables. ##
## ----------------- ##

ACLOCAL='${SHELL} /root/mtcp-source/missing aclocal-1.16'
AMDEPBACKSLASH='\'
AMDEP_FALSE='#'
AMDEP_TRUE=''
AMTAR='$${TAR-tar}'
AM_BACKSLASH='\'
AM_DEFAULT_V='$(AM_DEFAULT_VERBOSITY)'
AM_DEFAULT_VERBOSITY='1'
AM_V='$(V)'
AUTOCONF='${SHELL} /root/mtcp-source/missing autoconf'
AUTOHEADER='${SHELL} /root/mtcp-source/missing autoheader'
AUTOMAKE='${SHELL} /root/mtcp-source/missing automake-1.16'
AWK='gawk'
BC_CHECK='yes'
CC='gcc'
CCDEPMODE='depmode=none'
CFLAGS='-DMAX_CPUS=18'
CPP='gcc -E'
CPPFLAGS=''
CYGPATH_W='echo'
DEFS='-DHAVE_CONFIG_H'
DEPDIR='.deps'
DPDK='1'
DPDKLIBPATH='/root/mtcp-source/dpdk/x86_64-native-linuxapp-gcc'
DPDK_FALSE='#'
DPDK_TRUE=''
ECHO_C=''
ECHO_N='-n'
ECHO_T=''
EGREP='/usr/bin/grep -E'
ENFORCE_RX_IDLE='0'
EXEEXT=''
GREP='/usr/bin/grep'
HWCSUM='1'
INSTALL_DATA='${INSTALL} -m 644'
INSTALL_PROGRAM='${INSTALL}'
INSTALL_SCRIPT='${INSTALL}'
INSTALL_STRIP_PROGRAM='$(install_sh) -c -s'
LDFLAGS=''
LIBOBJS=''
LIBS=''
LRO='0'
LTLIBOBJS=''
MAKEINFO='${SHELL} /root/mtcp-source/missing makeinfo'
MKDIR_P='/usr/bin/mkdir -p'
NETMAP='0'
OBJEXT='o'
ONVM='0'
ONVMLIBPATH=''
PACKAGE='mtcp'
PACKAGE_BUGREPORT='mtcp-user@list.ndsl.kaist.edu'
PACKAGE_NAME='mtcp'
PACKAGE_STRING='mtcp 3'
PACKAGE_TARNAME='mtcp'
PACKAGE_URL=''
PACKAGE_VERSION='3'
PATH_SEPARATOR=':'
PSIO='0'
PSLIBPATH=''
RANLIB='ranlib'
RX_IDLE_THRESH='0'
SET_MAKE=''
SHELL='/bin/sh'
STRIP=''
VERSION='3'
ac_ct_CC='gcc'
am__EXEEXT_FALSE=''
am__EXEEXT_TRUE='#'
am__fastdepCC_FALSE=''
am__fastdepCC_TRUE='#'
am__include='include'
am__isrc=''
am__leading_dot='.'
am__nodep='_no'
am__quote=''
am__tar='$${TAR-tar} chof - "$$tardir"'
am__untar='$${TAR-tar} xf -'
bindir='${exec_prefix}/bin'
build_alias=''
datadir='${datarootdir}'
datarootdir='${prefix}/share'
docdir='${datarootdir}/doc/${PACKAGE_TARNAME}'
dvidir='${docdir}'
exec_prefix='${prefix}'
host_alias=''
htmldir='${docdir}'
includedir='${prefix}/include'
infodir='${datarootdir}/info'
install_sh='${SHELL} /root/mtcp-source/install-sh'
libdir='${exec_prefix}/lib'
libexecdir='${exec_prefix}/libexec'
localedir='${datarootdir}/locale'
localstatedir='${prefix}/var'
mandir='${datarootdir}/man'
mkdir_p='$(MKDIR_P)'
oldincludedir='/usr/include'
pdfdir='${docdir}'
prefix='/usr/local'
program_transform_name='s,x,x,'
psdir='${docdir}'
sbindir='${exec_prefix}/sbin'
sharedstatedir='${prefix}/com'
sysconfdir='${prefix}/etc'
target_alias=''

## ----------- ##
## confdefs.h. ##
## ----------- ##

/* confdefs.h */
#define PACKAGE_NAME "mtcp"
#define PACKAGE_TARNAME "mtcp"
#define PACKAGE_VERSION "3"
#define PACKAGE_STRING "mtcp 3"
#define PACKAGE_BUGREPORT "mtcp-user@list.ndsl.kaist.edu"
#define PACKAGE_URL ""
#define STDC_HEADERS 1
#define HAVE_SYS_TYPES_H 1
#define HAVE_SYS_STAT_H 1
#define HAVE_STDLIB_H 1
#define HAVE_STRING_H 1
#define HAVE_MEMORY_H 1
#define HAVE_STRINGS_H 1
#define HAVE_INTTYPES_H 1
#define HAVE_STDINT_H 1
#define HAVE_UNISTD_H 1
#define HAVE_STDLIB_H 1
#define HAVE_MALLOC 1
#define HAVE_STDLIB_H 1
#define HAVE_UNISTD_H 1
#define HAVE_SYS_PARAM_H 1
#define HAVE_GETPAGESIZE 1
#define HAVE_MMAP 1
#define HAVE_BZERO 1
#define HAVE_GETPAGESIZE 1
#define HAVE_GETTIMEOFDAY 1
#define HAVE_MEMMOVE 1
#define HAVE_MEMSET 1
#define HAVE_MUNMAP 1
#define HAVE_SELECT 1
#define HAVE_SOCKET 1
#define HAVE_STRCHR 1
#define HAVE_STRERROR 1
#define HAVE_STRSTR 1
#define HAVE_STRTOL 1
#define PACKAGE "mtcp"
#define VERSION "3"

configure: exit 0
